/
0:::Alexandra Stan - Bitter Sweet [mqms2].mp3
1:::Alexandra Stan - Crazy [mqms2].mp3
2:::Alexandra Stan - Energy [mqms2].mp3
3:::Alexandra Stan - Get Back [mqms2].mp3
4:::Alexandra Stan - Get Back(asap,extended Version) [mqms2].mp3
5:::Alexandra Stan - Get Back(asap,maan Studio Remix) [mqms2].mp3
6:::Alexandra Stan - Lollipop(param Pam Pam) [mqms2].mp3
7:::Alexandra Stan - Lollipop(param Pam Pam,club Version) [mqms2].mp3
8:::Alexandra Stan - Mr. Saxobeat [mqms2].mp3
9:::Alexandra Stan - Mr. Saxobeat(extended Version) [mqms2].mp3
10:::Alexandra Stan - Mr. Saxobeat(maan Studio Remix) [mqms2].mp3
11:::Alexandra Stan - One Million(feat. Carlprit) [mqms2].mp3
12:::Alexandra Stan - Show Me The Way [mqms2].mp3
13:::Alexandra Stan - Ting Ting [mqms2].mp3
14:::DJ - 劲爆的士高 [mqms2].mp3
15:::DJ - 电音重鼓开场 [mqms2].mp3
16:::Flo Rida - Club Can't Handle Me [mqms2].mp3
17:::T-ara - Lovey  Dovey [mqms2].mp3
18:::The  Eagles - 加州旅馆 [mqms2].mp3
19:::Various  Artists - 大提琴独奏《天鹅》演示 [mqms2].mp3
20:::Ylvis - The  Fox（狐狸叫_挪威神曲） [mqms2].mp3
21:::于萍 - 天边  [大提琴与马头琴] [mqms2].mp3
22:::五月天 - 你不是真正的快乐 [mqms2].mp3
23:::周杰伦;梁心颐;杨瑞代 - 比较大的大提琴(feat.  梁心颐  &  杨瑞代) [mqms2].mp3
24:::大提琴 - 天边 [mqms2].mp3
25:::巫娜 - 枯木寻禅(古琴、箫、双簧管、大提琴) [mqms2].mp3
26:::石波 - 夜店舞曲 [mqms2].mp3
27:::童丽 - 烟花三月（烟花三月XRCD） [mqms2].mp3
28:::纯音乐 - 三套车（口琴及大提琴） [mqms2].mp3
29:::纯音乐 - 古筝 [mqms2].mp3
30:::纯音乐 - 回家 [mqms2].mp3
31:::纯音乐 - 天空之城（吟唱） [mqms2].mp3
32:::纯音乐 - 牧歌（大提琴  蒙古族民歌） [mqms2].mp3
33:::花妮 - 最后的倾诉（《汉武大帝》主题曲） [mqms2].mp3
34:::赵鹏 - 一把小雨伞 [mqms2].mp3
35:::赵鹏 - 但愿人长久 [mqms2].mp3
36:::赵鹏 - 你的眼神 [mqms2].mp3
37:::赵鹏 - 女人花 [mqms2].mp3
38:::赵鹏 - 小城故事 [mqms2].mp3
39:::赵鹏 - 平分秋色 [mqms2].mp3
40:::赵鹏 - 庸人自扰 [mqms2].mp3
41:::赵鹏 - 张三的 [mqms2].mp3
42:::赵鹏 - 心恋 [mqms2].mp3
43:::赵鹏 - 把悲伤留给自己 [mqms2].mp3
44:::赵鹏 - 殇 [mqms2].mp3
45:::赵鹏 - 渡口 [mqms2].mp3
46:::赵鹏 - 花房姑娘 [mqms2].mp3
47:::赵鹏 - 莫斯科郊外的晚上 [mqms2].mp3
48:::郑毅 - 哀怨的大提琴 [mqms2].mp3
49:::韩磊 - 千百年后谁又记得谁（电视剧《汉武大帝》插曲） [mqms2].mp3
info: socket.io started
http server ok
null 'tcp://ngrok.com:43097'
null 'https://macc_song.ngrok.com'
null 'tcp://ngrok.com:51297'
